<?xml version="1.0" encoding="UTF-8"?>
<testsuite name="TemaTest.AppTest" tests="134" skipped="0" failures="0" errors="0" timestamp="2023-12-08T06:18:46" hostname="DESKTOP-SMG1VA5" time="1.792">
  <properties/>
  <testcase name="testCommentPostWithOver300Characters()" classname="TemaTest.AppTest" time="0.087"/>
  <testcase name="testGetFollowingUsernameDoesNotExists()" classname="TemaTest.AppTest" time="0.005"/>
  <testcase name="testCreatePostNoPassword()" classname="TemaTest.AppTest" time="0.004"/>
  <testcase name="testUnlikeCommentSuccessfully()" classname="TemaTest.AppTest" time="0.014"/>
  <testcase name="testDeletePostNotValid()" classname="TemaTest.AppTest" time="0.015"/>
  <testcase name="testUnlikeCommentAlreadyLiked()" classname="TemaTest.AppTest" time="0.021"/>
  <testcase name="testLikePostNotFound()" classname="TemaTest.AppTest" time="0.011"/>
  <testcase name="testGetMostFollowedPostsNoUsername()" classname="TemaTest.AppTest" time="0.012"/>
  <testcase name="testDeleteCommentLoginCredentialsAreWrong()" classname="TemaTest.AppTest" time="0.01"/>
  <testcase name="testUnlikePostNoPassword()" classname="TemaTest.AppTest" time="0.006"/>
  <testcase name="testLikePostSuccessfully()" classname="TemaTest.AppTest" time="0.014"/>
  <testcase name="testLikePostAlreadyLiked()" classname="TemaTest.AppTest" time="0.013"/>
  <testcase name="testCommentPostLoginCredentialsAreWrong()" classname="TemaTest.AppTest" time="0.006"/>
  <testcase name="testGetMostLikedUsersSuccessfully()" classname="TemaTest.AppTest" time="0.082"/>
  <testcase name="testGetFollowersNotFound()" classname="TemaTest.AppTest" time="0.017"/>
  <testcase name="testDeletePostNoPassword()" classname="TemaTest.AppTest" time="0.005"/>
  <testcase name="testGetMostLikedUsersNoUsername()" classname="TemaTest.AppTest" time="0.005"/>
  <testcase name="testLikeCommentLoginCredentialsAreWrong()" classname="TemaTest.AppTest" time="0.009"/>
  <testcase name="testFollowSuccessfully()" classname="TemaTest.AppTest" time="0.012"/>
  <testcase name="testCommentPostNoUsername()" classname="TemaTest.AppTest" time="0.015"/>
  <testcase name="testUnfollowIdWrong()" classname="TemaTest.AppTest" time="0.009"/>
  <testcase name="testUnfollowLoginCredentialsAreWrong()" classname="TemaTest.AppTest" time="0.01"/>
  <testcase name="testLikePostLoginCredentialsAreWrong()" classname="TemaTest.AppTest" time="0.12"/>
  <testcase name="testGetFollowersLoginCredentialsAreWrong()" classname="TemaTest.AppTest" time="0.007"/>
  <testcase name="testGetMostLikedPostsUsernameDoesNotExists()" classname="TemaTest.AppTest" time="0.004"/>
  <testcase name="testCreatePostWithOver300Characters()" classname="TemaTest.AppTest" time="0.006"/>
  <testcase name="testGetMostCommentedPostsUsernameDoesNotExists()" classname="TemaTest.AppTest" time="0.034"/>
  <testcase name="testDummy()" classname="TemaTest.AppTest" time="0.001"/>
  <testcase name="testCreatePostSuccessfully()" classname="TemaTest.AppTest" time="0.027"/>
  <testcase name="testUserPostsNoPassword()" classname="TemaTest.AppTest" time="0.011"/>
  <testcase name="testUserPostsUsernameDoesNotExists()" classname="TemaTest.AppTest" time="0.004"/>
  <testcase name="testGetFollowingNoPassword()" classname="TemaTest.AppTest" time="0.008"/>
  <testcase name="testFollowNoUsername()" classname="TemaTest.AppTest" time="0.012"/>
  <testcase name="testDeleteCommentNoPassword()" classname="TemaTest.AppTest" time="0.005"/>
  <testcase name="testCreateUserNoUsername()" classname="TemaTest.AppTest" time="0.017"/>
  <testcase name="testGetFollowingSuccessfully()" classname="TemaTest.AppTest" time="0.019"/>
  <testcase name="testFollowingsUsernameDoesNotExists()" classname="TemaTest.AppTest" time="0.004"/>
  <testcase name="testGetFollowersNoUsername()" classname="TemaTest.AppTest" time="0.003"/>
  <testcase name="testDeleteCommentNotFound()" classname="TemaTest.AppTest" time="0.005"/>
  <testcase name="testUnlikeCommentIdWrong()" classname="TemaTest.AppTest" time="0.014"/>
  <testcase name="testLikeCommentNoUsername()" classname="TemaTest.AppTest" time="0.004"/>
  <testcase name="testGetMostFollowedPostsSuccessfully()" classname="TemaTest.AppTest" time="0.014"/>
  <testcase name="testFollowingsNoPassword()" classname="TemaTest.AppTest" time="0.003"/>
  <testcase name="testUnlikeCommentNoPassword()" classname="TemaTest.AppTest" time="0.004"/>
  <testcase name="testPostDetailsSuccessfully()" classname="TemaTest.AppTest" time="0.038"/>
  <testcase name="testLikeCommentUsernameDoesNotExists()" classname="TemaTest.AppTest" time="0.014"/>
  <testcase name="testPostDetailsNoUsername()" classname="TemaTest.AppTest" time="0.015"/>
  <testcase name="testFollowingsLoginCredentialsAreWrong()" classname="TemaTest.AppTest" time="0.005"/>
  <testcase name="testPostDetailsIdWrong()" classname="TemaTest.AppTest" time="0.058"/>
  <testcase name="testGetMostLikedPostsNoPassword()" classname="TemaTest.AppTest" time="0.003"/>
  <testcase name="testGetMostLikedUsersLoginCredentialsAreWrong()" classname="TemaTest.AppTest" time="0.003"/>
  <testcase name="testUnlikePostSuccessfully()" classname="TemaTest.AppTest" time="0.011"/>
  <testcase name="testGetMostCommentedPostsNoPassword()" classname="TemaTest.AppTest" time="0.011"/>
  <testcase name="testUnlikePostAlreadyLiked()" classname="TemaTest.AppTest" time="0.006"/>
  <testcase name="testGetMostCommentedPostsSuccessfully()" classname="TemaTest.AppTest" time="0.045"/>
  <testcase name="testUserPostsIdWrong()" classname="TemaTest.AppTest" time="0.006"/>
  <testcase name="testPostDetailsLoginCredentialsAreWrong()" classname="TemaTest.AppTest" time="0.005"/>
  <testcase name="testUnlikePostNotFound()" classname="TemaTest.AppTest" time="0.005"/>
  <testcase name="testPostDetailsIdWrongSecond()" classname="TemaTest.AppTest" time="0.009"/>
  <testcase name="testGetMostFollowedPostsNoPassword()" classname="TemaTest.AppTest" time="0.005"/>
  <testcase name="testCommentPostUsernameDoesNotExists()" classname="TemaTest.AppTest" time="0.008"/>
  <testcase name="testFollowWrongCredentials()" classname="TemaTest.AppTest" time="0.006"/>
  <testcase name="testCommentPostWithNoText()" classname="TemaTest.AppTest" time="0.004"/>
  <testcase name="testUnfollowSuccessfully()" classname="TemaTest.AppTest" time="0.008"/>
  <testcase name="testLikePostNoUsername()" classname="TemaTest.AppTest" time="0.004"/>
  <testcase name="testUnlikeCommentNotFound()" classname="TemaTest.AppTest" time="0.006"/>
  <testcase name="testUserPostsAlreadyUnfollowing()" classname="TemaTest.AppTest" time="0.009"/>
  <testcase name="testGetMostLikedUsersNoPassword()" classname="TemaTest.AppTest" time="0.003"/>
  <testcase name="testCommentPostNoPassword()" classname="TemaTest.AppTest" time="0.004"/>
  <testcase name="testGetMostCommentedPostsLoginCredentialsAreWrong()" classname="TemaTest.AppTest" time="0.004"/>
  <testcase name="testUserPostsLoginCredentialsAreWrong()" classname="TemaTest.AppTest" time="0.007"/>
  <testcase name="testFollowIdWrong()" classname="TemaTest.AppTest" time="0.006"/>
  <testcase name="testUnlikePostLoginCredentialsAreWrong()" classname="TemaTest.AppTest" time="0.017"/>
  <testcase name="testDeletePostUsernameDoesNotExists()" classname="TemaTest.AppTest" time="0.003"/>
  <testcase name="testLikeCommentSuccessfully()" classname="TemaTest.AppTest" time="0.008"/>
  <testcase name="testCommentPostSuccessfully()" classname="TemaTest.AppTest" time="0.006"/>
  <testcase name="testGetFollowersWrong()" classname="TemaTest.AppTest" time="0.006"/>
  <testcase name="testCreateUserUserCreatedSuccesfully()" classname="TemaTest.AppTest" time="0.048"/>
  <testcase name="testGetFollowersUsernameDoesNotExists()" classname="TemaTest.AppTest" time="0.003"/>
  <testcase name="testLikeCommentAlreadyLiked()" classname="TemaTest.AppTest" time="0.011"/>
  <testcase name="testGetFollowersSuccessfully()" classname="TemaTest.AppTest" time="0.009"/>
  <testcase name="testUnfollowNoUsername()" classname="TemaTest.AppTest" time="0.003"/>
  <testcase name="testPostDetailsIdNotFound()" classname="TemaTest.AppTest" time="0.013"/>
  <testcase name="testFollowNoPassword()" classname="TemaTest.AppTest" time="0.004"/>
  <testcase name="testCreateUserNoPassword()" classname="TemaTest.AppTest" time="0.003"/>
  <testcase name="testGetFollowersNoPassword()" classname="TemaTest.AppTest" time="0.005"/>
  <testcase name="testLikeCommentNoPassword()" classname="TemaTest.AppTest" time="0.004"/>
  <testcase name="testUnlikeCommentUsernameDoesNotExists()" classname="TemaTest.AppTest" time="0.004"/>
  <testcase name="testCreatePostUserNameDoesNotExist()" classname="TemaTest.AppTest" time="0.004"/>
  <testcase name="testUserPostsNotFound()" classname="TemaTest.AppTest" time="0.028"/>
  <testcase name="testLikePostIdWrong()" classname="TemaTest.AppTest" time="0.006"/>
  <testcase name="testPostDetailsNoPassword()" classname="TemaTest.AppTest" time="0.002"/>
  <testcase name="testUnfollowNotFound()" classname="TemaTest.AppTest" time="0.03"/>
  <testcase name="testDeletePostSuccessfully()" classname="TemaTest.AppTest" time="0.005"/>
  <testcase name="testCreatePostNoUsername()" classname="TemaTest.AppTest" time="0.003"/>
  <testcase name="testGetMostLikedPostsSuccessfully()" classname="TemaTest.AppTest" time="0.008"/>
  <testcase name="testUnlikePostUsernameDoesNotExists()" classname="TemaTest.AppTest" time="0.003"/>
  <testcase name="testUnlikePostNoUsername()" classname="TemaTest.AppTest" time="0.004"/>
  <testcase name="testGetMostFollowedPostsUsernameDoesNotExists()" classname="TemaTest.AppTest" time="0.026"/>
  <testcase name="testDeleteCommentSuccessfully()" classname="TemaTest.AppTest" time="0.007"/>
  <testcase name="testPostDetailsUsernameDoesNotExists()" classname="TemaTest.AppTest" time="0.002"/>
  <testcase name="testDeletePostLoginCredentialsAreWrong()" classname="TemaTest.AppTest" time="0.005"/>
  <testcase name="testLikeCommentNotFound()" classname="TemaTest.AppTest" time="0.005"/>
  <testcase name="testUserPostsSuccessfully()" classname="TemaTest.AppTest" time="0.026"/>
  <testcase name="testDeletePostNoUsername()" classname="TemaTest.AppTest" time="0.003"/>
  <testcase name="testLikePostNoPassword()" classname="TemaTest.AppTest" time="0.003"/>
  <testcase name="testLikePostUsernameDoesNotExists()" classname="TemaTest.AppTest" time="0.003"/>
  <testcase name="testFollowingsSuccessfully()" classname="TemaTest.AppTest" time="0.023"/>
  <testcase name="testFollowAlreadyFollowing()" classname="TemaTest.AppTest" time="0.006"/>
  <testcase name="testUnfollowUsernameDoesNotExists()" classname="TemaTest.AppTest" time="0.004"/>
  <testcase name="testDeleteCommentUsernameDoesNotExists()" classname="TemaTest.AppTest" time="0.003"/>
  <testcase name="testUnfollowAlreadyFollowing()" classname="TemaTest.AppTest" time="0.008"/>
  <testcase name="testCreatePostLoginCredentialsAreWrong()" classname="TemaTest.AppTest" time="0.004"/>
  <testcase name="testDeleteCommentNoPermissions()" classname="TemaTest.AppTest" time="0.01"/>
  <testcase name="testCreateUserUserAlreadyExists()" classname="TemaTest.AppTest" time="0.004"/>
  <testcase name="testGetFollowingLoginCredentialsAreWrong()" classname="TemaTest.AppTest" time="0.004"/>
  <testcase name="testUserPostsNoUsername()" classname="TemaTest.AppTest" time="0.01"/>
  <testcase name="testGetFollowingNoUsername()" classname="TemaTest.AppTest" time="0.004"/>
  <testcase name="testDeleteCommentNoUsername()" classname="TemaTest.AppTest" time="0.003"/>
  <testcase name="testFollowNotFound()" classname="TemaTest.AppTest" time="0.003"/>
  <testcase name="testGetMostLikedPostsLoginCredentialsAreWrong()" classname="TemaTest.AppTest" time="0.003"/>
  <testcase name="testUnfollowNoPassword()" classname="TemaTest.AppTest" time="0.004"/>
  <testcase name="testGetMostFollowedPostsLoginCredentialsAreWrong()" classname="TemaTest.AppTest" time="0.013"/>
  <testcase name="testFollowingsNoUsername()" classname="TemaTest.AppTest" time="0.003"/>
  <testcase name="testUnlikePostIdWrong()" classname="TemaTest.AppTest" time="0.04"/>
  <testcase name="testUnlikeCommentNoUsername()" classname="TemaTest.AppTest" time="0.008"/>
  <testcase name="testGetMostLikedUsersUsernameDoesNotExists()" classname="TemaTest.AppTest" time="0.003"/>
  <testcase name="testCreatePostWithNoText()" classname="TemaTest.AppTest" time="0.005"/>
  <testcase name="testFollowUserDoesNotExists()" classname="TemaTest.AppTest" time="0.003"/>
  <testcase name="testGetMostLikedPostsNoUsername()" classname="TemaTest.AppTest" time="0.004"/>
  <testcase name="testLikeCommentIdWrong()" classname="TemaTest.AppTest" time="0.006"/>
  <testcase name="testUnlikeCommentLoginCredentialsAreWrong()" classname="TemaTest.AppTest" time="0.014"/>
  <testcase name="testDeleteCommentWrong()" classname="TemaTest.AppTest" time="0.005"/>
  <testcase name="testGetMostCommentedPostsNoUsername()" classname="TemaTest.AppTest" time="0.003"/>
  <system-out><![CDATA[Error! Couldn't delete file!
Error! Couldn't delete file!
Error! Couldn't delete file!
Error! Couldn't delete file!
Error! Couldn't delete file!
Error! Couldn't delete file!
Error! Couldn't delete file!
Error! Couldn't delete file!
Error! Couldn't delete file!
Error! Couldn't delete file!
Error! Couldn't delete file!
Error! Couldn't delete file!
Error! Couldn't delete file!
Error! Couldn't delete file!
Error! Couldn't delete file!
Error! Couldn't delete file!
Error! Couldn't delete file!
Error! Couldn't delete file!
Error! Couldn't delete file!
Error! Couldn't delete file!
Error! Couldn't delete file!
Error! Couldn't delete file!
Error! Couldn't delete file!
Error! Couldn't delete file!
Error! Couldn't delete file!
Error! Couldn't delete file!
Error! Couldn't delete file!
Error! Couldn't delete file!
Error! Couldn't delete file!
Error! Couldn't delete file!
Error! Couldn't delete file!
Error! Couldn't delete file!
Error! Couldn't delete file!
Error! Couldn't delete file!
Error! Couldn't delete file!
Error! Couldn't delete file!
Error! Couldn't delete file!
Error! Couldn't delete file!
Error! Couldn't delete file!
Error! Couldn't delete file!
Error! Couldn't delete file!
Error! Couldn't delete file!
Error! Couldn't delete file!
Error! Couldn't delete file!
Error! Couldn't delete file!
Error! Couldn't delete file!
Error! Couldn't delete file!
Error! Couldn't delete file!
Error! Couldn't delete file!
Error! Couldn't delete file!
Error! Couldn't delete file!
Error! Couldn't delete file!
Error! Couldn't delete file!
Error! Couldn't delete file!
Error! Couldn't delete file!
Error! Couldn't delete file!
Error! Couldn't delete file!
Error! Couldn't delete file!
Error! Couldn't delete file!
Error! Couldn't delete file!
Error! Couldn't delete file!
Error! Couldn't delete file!
Error! Couldn't delete file!
Error! Couldn't delete file!
Error! Couldn't delete file!
]]></system-out>
  <system-err><![CDATA[dec. 08, 2023 8:18:46 A.M. TemaTest.App cleanup
INFO: {'status':'ok','message':'Cleanup finished successfully'}
dec. 08, 2023 8:18:46 A.M. TemaTest.App cleanup
INFO: {'status':'ok','message':'Cleanup finished successfully'}
dec. 08, 2023 8:18:46 A.M. TemaTest.App cleanup
INFO: {'status':'ok','message':'Cleanup finished successfully'}
dec. 08, 2023 8:18:46 A.M. TemaTest.App cleanup
INFO: {'status':'ok','message':'Cleanup finished successfully'}
dec. 08, 2023 8:18:46 A.M. TemaTest.App cleanup
INFO: {'status':'ok','message':'Cleanup finished successfully'}
dec. 08, 2023 8:18:46 A.M. TemaTest.App cleanup
INFO: {'status':'ok','message':'Cleanup finished successfully'}
dec. 08, 2023 8:18:46 A.M. TemaTest.App cleanup
INFO: {'status':'ok','message':'Cleanup finished successfully'}
dec. 08, 2023 8:18:46 A.M. TemaTest.App cleanup
INFO: {'status':'ok','message':'Cleanup finished successfully'}
dec. 08, 2023 8:18:46 A.M. TemaTest.App cleanup
INFO: {'status':'ok','message':'Cleanup finished successfully'}
dec. 08, 2023 8:18:46 A.M. TemaTest.App cleanup
INFO: {'status':'ok','message':'Cleanup finished successfully'}
dec. 08, 2023 8:18:46 A.M. TemaTest.App cleanup
INFO: {'status':'ok','message':'Cleanup finished successfully'}
dec. 08, 2023 8:18:46 A.M. TemaTest.App cleanup
INFO: {'status':'ok','message':'Cleanup finished successfully'}
dec. 08, 2023 8:18:46 A.M. TemaTest.App cleanup
INFO: {'status':'ok','message':'Cleanup finished successfully'}
dec. 08, 2023 8:18:46 A.M. TemaTest.App cleanup
INFO: {'status':'ok','message':'Cleanup finished successfully'}
dec. 08, 2023 8:18:46 A.M. TemaTest.App cleanup
INFO: {'status':'ok','message':'Cleanup finished successfully'}
dec. 08, 2023 8:18:46 A.M. TemaTest.App cleanup
INFO: {'status':'ok','message':'Cleanup finished successfully'}
dec. 08, 2023 8:18:46 A.M. TemaTest.App cleanup
INFO: {'status':'ok','message':'Cleanup finished successfully'}
dec. 08, 2023 8:18:46 A.M. TemaTest.App cleanup
INFO: {'status':'ok','message':'Cleanup finished successfully'}
dec. 08, 2023 8:18:46 A.M. TemaTest.App cleanup
INFO: {'status':'ok','message':'Cleanup finished successfully'}
dec. 08, 2023 8:18:46 A.M. TemaTest.App cleanup
INFO: {'status':'ok','message':'Cleanup finished successfully'}
dec. 08, 2023 8:18:46 A.M. TemaTest.App cleanup
INFO: {'status':'ok','message':'Cleanup finished successfully'}
dec. 08, 2023 8:18:46 A.M. TemaTest.App cleanup
INFO: {'status':'ok','message':'Cleanup finished successfully'}
dec. 08, 2023 8:18:46 A.M. TemaTest.App cleanup
INFO: {'status':'ok','message':'Cleanup finished successfully'}
dec. 08, 2023 8:18:46 A.M. TemaTest.App cleanup
INFO: {'status':'ok','message':'Cleanup finished successfully'}
dec. 08, 2023 8:18:46 A.M. TemaTest.App cleanup
INFO: {'status':'ok','message':'Cleanup finished successfully'}
dec. 08, 2023 8:18:46 A.M. TemaTest.App cleanup
INFO: {'status':'ok','message':'Cleanup finished successfully'}
dec. 08, 2023 8:18:46 A.M. TemaTest.App cleanup
INFO: {'status':'ok','message':'Cleanup finished successfully'}
dec. 08, 2023 8:18:46 A.M. TemaTest.App cleanup
INFO: {'status':'ok','message':'Cleanup finished successfully'}
dec. 08, 2023 8:18:46 A.M. TemaTest.App cleanup
INFO: {'status':'ok','message':'Cleanup finished successfully'}
dec. 08, 2023 8:18:46 A.M. TemaTest.App cleanup
INFO: {'status':'ok','message':'Cleanup finished successfully'}
dec. 08, 2023 8:18:46 A.M. TemaTest.App cleanup
INFO: {'status':'ok','message':'Cleanup finished successfully'}
dec. 08, 2023 8:18:46 A.M. TemaTest.App cleanup
INFO: {'status':'ok','message':'Cleanup finished successfully'}
dec. 08, 2023 8:18:46 A.M. TemaTest.App cleanup
INFO: {'status':'ok','message':'Cleanup finished successfully'}
dec. 08, 2023 8:18:46 A.M. TemaTest.App cleanup
INFO: {'status':'ok','message':'Cleanup finished successfully'}
dec. 08, 2023 8:18:46 A.M. TemaTest.App cleanup
INFO: {'status':'ok','message':'Cleanup finished successfully'}
dec. 08, 2023 8:18:46 A.M. TemaTest.App cleanup
INFO: {'status':'ok','message':'Cleanup finished successfully'}
dec. 08, 2023 8:18:46 A.M. TemaTest.App cleanup
INFO: {'status':'ok','message':'Cleanup finished successfully'}
dec. 08, 2023 8:18:46 A.M. TemaTest.App cleanup
INFO: {'status':'ok','message':'Cleanup finished successfully'}
dec. 08, 2023 8:18:46 A.M. TemaTest.App cleanup
INFO: {'status':'ok','message':'Cleanup finished successfully'}
dec. 08, 2023 8:18:46 A.M. TemaTest.App cleanup
INFO: {'status':'ok','message':'Cleanup finished successfully'}
dec. 08, 2023 8:18:46 A.M. TemaTest.App cleanup
INFO: {'status':'ok','message':'Cleanup finished successfully'}
dec. 08, 2023 8:18:46 A.M. TemaTest.App cleanup
INFO: {'status':'ok','message':'Cleanup finished successfully'}
dec. 08, 2023 8:18:46 A.M. TemaTest.App cleanup
INFO: {'status':'ok','message':'Cleanup finished successfully'}
dec. 08, 2023 8:18:46 A.M. TemaTest.App cleanup
INFO: {'status':'ok','message':'Cleanup finished successfully'}
dec. 08, 2023 8:18:46 A.M. TemaTest.App cleanup
INFO: {'status':'ok','message':'Cleanup finished successfully'}
dec. 08, 2023 8:18:46 A.M. TemaTest.App cleanup
INFO: {'status':'ok','message':'Cleanup finished successfully'}
dec. 08, 2023 8:18:46 A.M. TemaTest.App cleanup
INFO: {'status':'ok','message':'Cleanup finished successfully'}
dec. 08, 2023 8:18:46 A.M. TemaTest.App cleanup
INFO: {'status':'ok','message':'Cleanup finished successfully'}
dec. 08, 2023 8:18:46 A.M. TemaTest.App cleanup
INFO: {'status':'ok','message':'Cleanup finished successfully'}
dec. 08, 2023 8:18:46 A.M. TemaTest.App cleanup
INFO: {'status':'ok','message':'Cleanup finished successfully'}
dec. 08, 2023 8:18:46 A.M. TemaTest.App cleanup
INFO: {'status':'ok','message':'Cleanup finished successfully'}
dec. 08, 2023 8:18:46 A.M. TemaTest.App cleanup
INFO: {'status':'ok','message':'Cleanup finished successfully'}
dec. 08, 2023 8:18:46 A.M. TemaTest.App cleanup
INFO: {'status':'ok','message':'Cleanup finished successfully'}
dec. 08, 2023 8:18:46 A.M. TemaTest.App cleanup
INFO: {'status':'ok','message':'Cleanup finished successfully'}
dec. 08, 2023 8:18:47 A.M. TemaTest.App cleanup
INFO: {'status':'ok','message':'Cleanup finished successfully'}
dec. 08, 2023 8:18:47 A.M. TemaTest.App cleanup
INFO: {'status':'ok','message':'Cleanup finished successfully'}
dec. 08, 2023 8:18:47 A.M. TemaTest.App cleanup
INFO: {'status':'ok','message':'Cleanup finished successfully'}
dec. 08, 2023 8:18:47 A.M. TemaTest.App cleanup
INFO: {'status':'ok','message':'Cleanup finished successfully'}
dec. 08, 2023 8:18:47 A.M. TemaTest.App cleanup
INFO: {'status':'ok','message':'Cleanup finished successfully'}
dec. 08, 2023 8:18:47 A.M. TemaTest.App cleanup
INFO: {'status':'ok','message':'Cleanup finished successfully'}
dec. 08, 2023 8:18:47 A.M. TemaTest.App cleanup
INFO: {'status':'ok','message':'Cleanup finished successfully'}
dec. 08, 2023 8:18:47 A.M. TemaTest.App cleanup
INFO: {'status':'ok','message':'Cleanup finished successfully'}
dec. 08, 2023 8:18:47 A.M. TemaTest.App cleanup
INFO: {'status':'ok','message':'Cleanup finished successfully'}
dec. 08, 2023 8:18:47 A.M. TemaTest.App cleanup
INFO: {'status':'ok','message':'Cleanup finished successfully'}
dec. 08, 2023 8:18:47 A.M. TemaTest.App cleanup
INFO: {'status':'ok','message':'Cleanup finished successfully'}
dec. 08, 2023 8:18:47 A.M. TemaTest.App cleanup
INFO: {'status':'ok','message':'Cleanup finished successfully'}
dec. 08, 2023 8:18:47 A.M. TemaTest.App cleanup
INFO: {'status':'ok','message':'Cleanup finished successfully'}
dec. 08, 2023 8:18:47 A.M. TemaTest.App cleanup
INFO: {'status':'ok','message':'Cleanup finished successfully'}
dec. 08, 2023 8:18:47 A.M. TemaTest.App cleanup
INFO: {'status':'ok','message':'Cleanup finished successfully'}
dec. 08, 2023 8:18:47 A.M. TemaTest.App cleanup
INFO: {'status':'ok','message':'Cleanup finished successfully'}
dec. 08, 2023 8:18:47 A.M. TemaTest.App cleanup
INFO: {'status':'ok','message':'Cleanup finished successfully'}
dec. 08, 2023 8:18:47 A.M. TemaTest.App cleanup
INFO: {'status':'ok','message':'Cleanup finished successfully'}
dec. 08, 2023 8:18:47 A.M. TemaTest.App cleanup
INFO: {'status':'ok','message':'Cleanup finished successfully'}
dec. 08, 2023 8:18:47 A.M. TemaTest.App cleanup
INFO: {'status':'ok','message':'Cleanup finished successfully'}
dec. 08, 2023 8:18:47 A.M. TemaTest.App cleanup
INFO: {'status':'ok','message':'Cleanup finished successfully'}
dec. 08, 2023 8:18:47 A.M. TemaTest.App cleanup
INFO: {'status':'ok','message':'Cleanup finished successfully'}
dec. 08, 2023 8:18:47 A.M. TemaTest.App cleanup
INFO: {'status':'ok','message':'Cleanup finished successfully'}
dec. 08, 2023 8:18:47 A.M. TemaTest.App cleanup
INFO: {'status':'ok','message':'Cleanup finished successfully'}
dec. 08, 2023 8:18:47 A.M. TemaTest.App cleanup
INFO: {'status':'ok','message':'Cleanup finished successfully'}
dec. 08, 2023 8:18:47 A.M. TemaTest.App cleanup
INFO: {'status':'ok','message':'Cleanup finished successfully'}
dec. 08, 2023 8:18:47 A.M. TemaTest.App cleanup
INFO: {'status':'ok','message':'Cleanup finished successfully'}
dec. 08, 2023 8:18:47 A.M. TemaTest.App cleanup
INFO: {'status':'ok','message':'Cleanup finished successfully'}
dec. 08, 2023 8:18:47 A.M. TemaTest.App cleanup
INFO: {'status':'ok','message':'Cleanup finished successfully'}
dec. 08, 2023 8:18:47 A.M. TemaTest.App cleanup
INFO: {'status':'ok','message':'Cleanup finished successfully'}
dec. 08, 2023 8:18:47 A.M. TemaTest.App cleanup
INFO: {'status':'ok','message':'Cleanup finished successfully'}
dec. 08, 2023 8:18:47 A.M. TemaTest.App cleanup
INFO: {'status':'ok','message':'Cleanup finished successfully'}
dec. 08, 2023 8:18:47 A.M. TemaTest.App cleanup
INFO: {'status':'ok','message':'Cleanup finished successfully'}
dec. 08, 2023 8:18:47 A.M. TemaTest.App cleanup
INFO: {'status':'ok','message':'Cleanup finished successfully'}
dec. 08, 2023 8:18:47 A.M. TemaTest.App cleanup
INFO: {'status':'ok','message':'Cleanup finished successfully'}
dec. 08, 2023 8:18:47 A.M. TemaTest.App cleanup
INFO: {'status':'ok','message':'Cleanup finished successfully'}
dec. 08, 2023 8:18:47 A.M. TemaTest.App cleanup
INFO: {'status':'ok','message':'Cleanup finished successfully'}
dec. 08, 2023 8:18:47 A.M. TemaTest.App cleanup
INFO: {'status':'ok','message':'Cleanup finished successfully'}
dec. 08, 2023 8:18:47 A.M. TemaTest.App cleanup
INFO: {'status':'ok','message':'Cleanup finished successfully'}
dec. 08, 2023 8:18:47 A.M. TemaTest.App cleanup
INFO: {'status':'ok','message':'Cleanup finished successfully'}
dec. 08, 2023 8:18:47 A.M. TemaTest.App cleanup
INFO: {'status':'ok','message':'Cleanup finished successfully'}
dec. 08, 2023 8:18:47 A.M. TemaTest.App cleanup
INFO: {'status':'ok','message':'Cleanup finished successfully'}
dec. 08, 2023 8:18:47 A.M. TemaTest.App cleanup
INFO: {'status':'ok','message':'Cleanup finished successfully'}
dec. 08, 2023 8:18:47 A.M. TemaTest.App cleanup
INFO: {'status':'ok','message':'Cleanup finished successfully'}
dec. 08, 2023 8:18:47 A.M. TemaTest.App cleanup
INFO: {'status':'ok','message':'Cleanup finished successfully'}
dec. 08, 2023 8:18:47 A.M. TemaTest.App cleanup
INFO: {'status':'ok','message':'Cleanup finished successfully'}
dec. 08, 2023 8:18:47 A.M. TemaTest.App cleanup
INFO: {'status':'ok','message':'Cleanup finished successfully'}
dec. 08, 2023 8:18:47 A.M. TemaTest.App cleanup
INFO: {'status':'ok','message':'Cleanup finished successfully'}
dec. 08, 2023 8:18:47 A.M. TemaTest.App cleanup
INFO: {'status':'ok','message':'Cleanup finished successfully'}
dec. 08, 2023 8:18:47 A.M. TemaTest.App cleanup
INFO: {'status':'ok','message':'Cleanup finished successfully'}
dec. 08, 2023 8:18:47 A.M. TemaTest.App cleanup
INFO: {'status':'ok','message':'Cleanup finished successfully'}
dec. 08, 2023 8:18:47 A.M. TemaTest.App cleanup
INFO: {'status':'ok','message':'Cleanup finished successfully'}
dec. 08, 2023 8:18:47 A.M. TemaTest.App cleanup
INFO: {'status':'ok','message':'Cleanup finished successfully'}
dec. 08, 2023 8:18:47 A.M. TemaTest.App cleanup
INFO: {'status':'ok','message':'Cleanup finished successfully'}
dec. 08, 2023 8:18:47 A.M. TemaTest.App cleanup
INFO: {'status':'ok','message':'Cleanup finished successfully'}
dec. 08, 2023 8:18:47 A.M. TemaTest.App cleanup
INFO: {'status':'ok','message':'Cleanup finished successfully'}
dec. 08, 2023 8:18:47 A.M. TemaTest.App cleanup
INFO: {'status':'ok','message':'Cleanup finished successfully'}
dec. 08, 2023 8:18:47 A.M. TemaTest.App cleanup
INFO: {'status':'ok','message':'Cleanup finished successfully'}
dec. 08, 2023 8:18:47 A.M. TemaTest.App cleanup
INFO: {'status':'ok','message':'Cleanup finished successfully'}
dec. 08, 2023 8:18:47 A.M. TemaTest.App cleanup
INFO: {'status':'ok','message':'Cleanup finished successfully'}
dec. 08, 2023 8:18:47 A.M. TemaTest.App cleanup
INFO: {'status':'ok','message':'Cleanup finished successfully'}
dec. 08, 2023 8:18:47 A.M. TemaTest.App cleanup
INFO: {'status':'ok','message':'Cleanup finished successfully'}
dec. 08, 2023 8:18:47 A.M. TemaTest.App cleanup
INFO: {'status':'ok','message':'Cleanup finished successfully'}
dec. 08, 2023 8:18:47 A.M. TemaTest.App cleanup
INFO: {'status':'ok','message':'Cleanup finished successfully'}
dec. 08, 2023 8:18:47 A.M. TemaTest.App cleanup
INFO: {'status':'ok','message':'Cleanup finished successfully'}
dec. 08, 2023 8:18:47 A.M. TemaTest.App cleanup
INFO: {'status':'ok','message':'Cleanup finished successfully'}
dec. 08, 2023 8:18:47 A.M. TemaTest.App cleanup
INFO: {'status':'ok','message':'Cleanup finished successfully'}
dec. 08, 2023 8:18:47 A.M. TemaTest.App cleanup
INFO: {'status':'ok','message':'Cleanup finished successfully'}
dec. 08, 2023 8:18:47 A.M. TemaTest.App cleanup
INFO: {'status':'ok','message':'Cleanup finished successfully'}
dec. 08, 2023 8:18:47 A.M. TemaTest.App cleanup
INFO: {'status':'ok','message':'Cleanup finished successfully'}
dec. 08, 2023 8:18:47 A.M. TemaTest.App cleanup
INFO: {'status':'ok','message':'Cleanup finished successfully'}
dec. 08, 2023 8:18:47 A.M. TemaTest.App cleanup
INFO: {'status':'ok','message':'Cleanup finished successfully'}
dec. 08, 2023 8:18:47 A.M. TemaTest.App cleanup
INFO: {'status':'ok','message':'Cleanup finished successfully'}
dec. 08, 2023 8:18:47 A.M. TemaTest.App cleanup
INFO: {'status':'ok','message':'Cleanup finished successfully'}
dec. 08, 2023 8:18:47 A.M. TemaTest.App cleanup
INFO: {'status':'ok','message':'Cleanup finished successfully'}
dec. 08, 2023 8:18:47 A.M. TemaTest.App cleanup
INFO: {'status':'ok','message':'Cleanup finished successfully'}
dec. 08, 2023 8:18:47 A.M. TemaTest.App cleanup
INFO: {'status':'ok','message':'Cleanup finished successfully'}
dec. 08, 2023 8:18:47 A.M. TemaTest.App cleanup
INFO: {'status':'ok','message':'Cleanup finished successfully'}
dec. 08, 2023 8:18:47 A.M. TemaTest.App cleanup
INFO: {'status':'ok','message':'Cleanup finished successfully'}
dec. 08, 2023 8:18:47 A.M. TemaTest.App cleanup
INFO: {'status':'ok','message':'Cleanup finished successfully'}
dec. 08, 2023 8:18:47 A.M. TemaTest.App cleanup
INFO: {'status':'ok','message':'Cleanup finished successfully'}
dec. 08, 2023 8:18:47 A.M. TemaTest.App cleanup
INFO: {'status':'ok','message':'Cleanup finished successfully'}
dec. 08, 2023 8:18:47 A.M. TemaTest.App cleanup
INFO: {'status':'ok','message':'Cleanup finished successfully'}
dec. 08, 2023 8:18:47 A.M. TemaTest.App cleanup
INFO: {'status':'ok','message':'Cleanup finished successfully'}
dec. 08, 2023 8:18:47 A.M. TemaTest.App cleanup
INFO: {'status':'ok','message':'Cleanup finished successfully'}
dec. 08, 2023 8:18:47 A.M. TemaTest.App cleanup
INFO: {'status':'ok','message':'Cleanup finished successfully'}
dec. 08, 2023 8:18:47 A.M. TemaTest.App cleanup
INFO: {'status':'ok','message':'Cleanup finished successfully'}
dec. 08, 2023 8:18:47 A.M. TemaTest.App cleanup
INFO: {'status':'ok','message':'Cleanup finished successfully'}
dec. 08, 2023 8:18:47 A.M. TemaTest.App cleanup
INFO: {'status':'ok','message':'Cleanup finished successfully'}
dec. 08, 2023 8:18:47 A.M. TemaTest.App cleanup
INFO: {'status':'ok','message':'Cleanup finished successfully'}
dec. 08, 2023 8:18:47 A.M. TemaTest.App cleanup
INFO: {'status':'ok','message':'Cleanup finished successfully'}
dec. 08, 2023 8:18:47 A.M. TemaTest.App cleanup
INFO: {'status':'ok','message':'Cleanup finished successfully'}
dec. 08, 2023 8:18:47 A.M. TemaTest.App cleanup
INFO: {'status':'ok','message':'Cleanup finished successfully'}
dec. 08, 2023 8:18:47 A.M. TemaTest.App cleanup
INFO: {'status':'ok','message':'Cleanup finished successfully'}
dec. 08, 2023 8:18:47 A.M. TemaTest.App cleanup
INFO: {'status':'ok','message':'Cleanup finished successfully'}
dec. 08, 2023 8:18:47 A.M. TemaTest.App cleanup
INFO: {'status':'ok','message':'Cleanup finished successfully'}
dec. 08, 2023 8:18:47 A.M. TemaTest.App cleanup
INFO: {'status':'ok','message':'Cleanup finished successfully'}
dec. 08, 2023 8:18:47 A.M. TemaTest.App cleanup
INFO: {'status':'ok','message':'Cleanup finished successfully'}
dec. 08, 2023 8:18:47 A.M. TemaTest.App cleanup
INFO: {'status':'ok','message':'Cleanup finished successfully'}
dec. 08, 2023 8:18:47 A.M. TemaTest.App cleanup
INFO: {'status':'ok','message':'Cleanup finished successfully'}
dec. 08, 2023 8:18:47 A.M. TemaTest.App cleanup
INFO: {'status':'ok','message':'Cleanup finished successfully'}
dec. 08, 2023 8:18:47 A.M. TemaTest.App cleanup
INFO: {'status':'ok','message':'Cleanup finished successfully'}
dec. 08, 2023 8:18:47 A.M. TemaTest.App cleanup
INFO: {'status':'ok','message':'Cleanup finished successfully'}
dec. 08, 2023 8:18:47 A.M. TemaTest.App cleanup
INFO: {'status':'ok','message':'Cleanup finished successfully'}
dec. 08, 2023 8:18:47 A.M. TemaTest.App cleanup
INFO: {'status':'ok','message':'Cleanup finished successfully'}
dec. 08, 2023 8:18:47 A.M. TemaTest.App cleanup
INFO: {'status':'ok','message':'Cleanup finished successfully'}
dec. 08, 2023 8:18:47 A.M. TemaTest.App cleanup
INFO: {'status':'ok','message':'Cleanup finished successfully'}
dec. 08, 2023 8:18:47 A.M. TemaTest.App cleanup
INFO: {'status':'ok','message':'Cleanup finished successfully'}
dec. 08, 2023 8:18:47 A.M. TemaTest.App cleanup
INFO: {'status':'ok','message':'Cleanup finished successfully'}
dec. 08, 2023 8:18:47 A.M. TemaTest.App cleanup
INFO: {'status':'ok','message':'Cleanup finished successfully'}
dec. 08, 2023 8:18:47 A.M. TemaTest.App cleanup
INFO: {'status':'ok','message':'Cleanup finished successfully'}
dec. 08, 2023 8:18:47 A.M. TemaTest.App cleanup
INFO: {'status':'ok','message':'Cleanup finished successfully'}
dec. 08, 2023 8:18:47 A.M. TemaTest.App cleanup
INFO: {'status':'ok','message':'Cleanup finished successfully'}
dec. 08, 2023 8:18:47 A.M. TemaTest.App cleanup
INFO: {'status':'ok','message':'Cleanup finished successfully'}
dec. 08, 2023 8:18:47 A.M. TemaTest.App cleanup
INFO: {'status':'ok','message':'Cleanup finished successfully'}
dec. 08, 2023 8:18:47 A.M. TemaTest.App cleanup
INFO: {'status':'ok','message':'Cleanup finished successfully'}
dec. 08, 2023 8:18:47 A.M. TemaTest.App cleanup
INFO: {'status':'ok','message':'Cleanup finished successfully'}
dec. 08, 2023 8:18:47 A.M. TemaTest.App cleanup
INFO: {'status':'ok','message':'Cleanup finished successfully'}
dec. 08, 2023 8:18:47 A.M. TemaTest.App cleanup
INFO: {'status':'ok','message':'Cleanup finished successfully'}
dec. 08, 2023 8:18:47 A.M. TemaTest.App cleanup
INFO: {'status':'ok','message':'Cleanup finished successfully'}
dec. 08, 2023 8:18:47 A.M. TemaTest.App cleanup
INFO: {'status':'ok','message':'Cleanup finished successfully'}
dec. 08, 2023 8:18:47 A.M. TemaTest.App cleanup
INFO: {'status':'ok','message':'Cleanup finished successfully'}
dec. 08, 2023 8:18:47 A.M. TemaTest.App cleanup
INFO: {'status':'ok','message':'Cleanup finished successfully'}
dec. 08, 2023 8:18:47 A.M. TemaTest.App cleanup
INFO: {'status':'ok','message':'Cleanup finished successfully'}
dec. 08, 2023 8:18:47 A.M. TemaTest.App cleanup
INFO: {'status':'ok','message':'Cleanup finished successfully'}
dec. 08, 2023 8:18:47 A.M. TemaTest.App cleanup
INFO: {'status':'ok','message':'Cleanup finished successfully'}
dec. 08, 2023 8:18:47 A.M. TemaTest.App cleanup
INFO: {'status':'ok','message':'Cleanup finished successfully'}
dec. 08, 2023 8:18:47 A.M. TemaTest.App cleanup
INFO: {'status':'ok','message':'Cleanup finished successfully'}
dec. 08, 2023 8:18:47 A.M. TemaTest.App cleanup
INFO: {'status':'ok','message':'Cleanup finished successfully'}
dec. 08, 2023 8:18:47 A.M. TemaTest.App cleanup
INFO: {'status':'ok','message':'Cleanup finished successfully'}
dec. 08, 2023 8:18:47 A.M. TemaTest.App cleanup
INFO: {'status':'ok','message':'Cleanup finished successfully'}
dec. 08, 2023 8:18:47 A.M. TemaTest.App cleanup
INFO: {'status':'ok','message':'Cleanup finished successfully'}
dec. 08, 2023 8:18:47 A.M. TemaTest.App cleanup
INFO: {'status':'ok','message':'Cleanup finished successfully'}
dec. 08, 2023 8:18:47 A.M. TemaTest.App cleanup
INFO: {'status':'ok','message':'Cleanup finished successfully'}
dec. 08, 2023 8:18:47 A.M. TemaTest.App cleanup
INFO: {'status':'ok','message':'Cleanup finished successfully'}
dec. 08, 2023 8:18:47 A.M. TemaTest.App cleanup
INFO: {'status':'ok','message':'Cleanup finished successfully'}
dec. 08, 2023 8:18:47 A.M. TemaTest.App cleanup
INFO: {'status':'ok','message':'Cleanup finished successfully'}
dec. 08, 2023 8:18:47 A.M. TemaTest.App cleanup
INFO: {'status':'ok','message':'Cleanup finished successfully'}
dec. 08, 2023 8:18:47 A.M. TemaTest.App cleanup
INFO: {'status':'ok','message':'Cleanup finished successfully'}
dec. 08, 2023 8:18:47 A.M. TemaTest.App cleanup
INFO: {'status':'ok','message':'Cleanup finished successfully'}
dec. 08, 2023 8:18:47 A.M. TemaTest.App cleanup
INFO: {'status':'ok','message':'Cleanup finished successfully'}
dec. 08, 2023 8:18:47 A.M. TemaTest.App cleanup
INFO: {'status':'ok','message':'Cleanup finished successfully'}
dec. 08, 2023 8:18:47 A.M. TemaTest.App cleanup
INFO: {'status':'ok','message':'Cleanup finished successfully'}
dec. 08, 2023 8:18:47 A.M. TemaTest.App cleanup
INFO: {'status':'ok','message':'Cleanup finished successfully'}
dec. 08, 2023 8:18:47 A.M. TemaTest.App cleanup
INFO: {'status':'ok','message':'Cleanup finished successfully'}
dec. 08, 2023 8:18:47 A.M. TemaTest.App cleanup
INFO: {'status':'ok','message':'Cleanup finished successfully'}
dec. 08, 2023 8:18:47 A.M. TemaTest.App cleanup
INFO: {'status':'ok','message':'Cleanup finished successfully'}
dec. 08, 2023 8:18:47 A.M. TemaTest.App cleanup
INFO: {'status':'ok','message':'Cleanup finished successfully'}
dec. 08, 2023 8:18:47 A.M. TemaTest.App cleanup
INFO: {'status':'ok','message':'Cleanup finished successfully'}
dec. 08, 2023 8:18:47 A.M. TemaTest.App cleanup
INFO: {'status':'ok','message':'Cleanup finished successfully'}
dec. 08, 2023 8:18:47 A.M. TemaTest.App cleanup
INFO: {'status':'ok','message':'Cleanup finished successfully'}
dec. 08, 2023 8:18:47 A.M. TemaTest.App cleanup
INFO: {'status':'ok','message':'Cleanup finished successfully'}
dec. 08, 2023 8:18:47 A.M. TemaTest.App cleanup
INFO: {'status':'ok','message':'Cleanup finished successfully'}
dec. 08, 2023 8:18:47 A.M. TemaTest.App cleanup
INFO: {'status':'ok','message':'Cleanup finished successfully'}
dec. 08, 2023 8:18:47 A.M. TemaTest.App cleanup
INFO: {'status':'ok','message':'Cleanup finished successfully'}
dec. 08, 2023 8:18:47 A.M. TemaTest.App cleanup
INFO: {'status':'ok','message':'Cleanup finished successfully'}
dec. 08, 2023 8:18:47 A.M. TemaTest.App cleanup
INFO: {'status':'ok','message':'Cleanup finished successfully'}
dec. 08, 2023 8:18:47 A.M. TemaTest.App cleanup
INFO: {'status':'ok','message':'Cleanup finished successfully'}
dec. 08, 2023 8:18:47 A.M. TemaTest.App cleanup
INFO: {'status':'ok','message':'Cleanup finished successfully'}
dec. 08, 2023 8:18:47 A.M. TemaTest.App cleanup
INFO: {'status':'ok','message':'Cleanup finished successfully'}
dec. 08, 2023 8:18:47 A.M. TemaTest.App cleanup
INFO: {'status':'ok','message':'Cleanup finished successfully'}
dec. 08, 2023 8:18:47 A.M. TemaTest.App cleanup
INFO: {'status':'ok','message':'Cleanup finished successfully'}
dec. 08, 2023 8:18:47 A.M. TemaTest.App cleanup
INFO: {'status':'ok','message':'Cleanup finished successfully'}
dec. 08, 2023 8:18:47 A.M. TemaTest.App cleanup
INFO: {'status':'ok','message':'Cleanup finished successfully'}
dec. 08, 2023 8:18:47 A.M. TemaTest.App cleanup
INFO: {'status':'ok','message':'Cleanup finished successfully'}
dec. 08, 2023 8:18:47 A.M. TemaTest.App cleanup
INFO: {'status':'ok','message':'Cleanup finished successfully'}
dec. 08, 2023 8:18:47 A.M. TemaTest.App cleanup
INFO: {'status':'ok','message':'Cleanup finished successfully'}
dec. 08, 2023 8:18:47 A.M. TemaTest.App cleanup
INFO: {'status':'ok','message':'Cleanup finished successfully'}
dec. 08, 2023 8:18:47 A.M. TemaTest.App cleanup
INFO: {'status':'ok','message':'Cleanup finished successfully'}
dec. 08, 2023 8:18:47 A.M. TemaTest.App cleanup
INFO: {'status':'ok','message':'Cleanup finished successfully'}
dec. 08, 2023 8:18:47 A.M. TemaTest.App cleanup
INFO: {'status':'ok','message':'Cleanup finished successfully'}
dec. 08, 2023 8:18:47 A.M. TemaTest.App cleanup
INFO: {'status':'ok','message':'Cleanup finished successfully'}
dec. 08, 2023 8:18:47 A.M. TemaTest.App cleanup
INFO: {'status':'ok','message':'Cleanup finished successfully'}
dec. 08, 2023 8:18:47 A.M. TemaTest.App cleanup
INFO: {'status':'ok','message':'Cleanup finished successfully'}
dec. 08, 2023 8:18:47 A.M. TemaTest.App cleanup
INFO: {'status':'ok','message':'Cleanup finished successfully'}
dec. 08, 2023 8:18:47 A.M. TemaTest.App cleanup
INFO: {'status':'ok','message':'Cleanup finished successfully'}
dec. 08, 2023 8:18:47 A.M. TemaTest.App cleanup
INFO: {'status':'ok','message':'Cleanup finished successfully'}
dec. 08, 2023 8:18:47 A.M. TemaTest.App cleanup
INFO: {'status':'ok','message':'Cleanup finished successfully'}
dec. 08, 2023 8:18:47 A.M. TemaTest.App cleanup
INFO: {'status':'ok','message':'Cleanup finished successfully'}
dec. 08, 2023 8:18:47 A.M. TemaTest.App cleanup
INFO: {'status':'ok','message':'Cleanup finished successfully'}
dec. 08, 2023 8:18:47 A.M. TemaTest.App cleanup
INFO: {'status':'ok','message':'Cleanup finished successfully'}
dec. 08, 2023 8:18:47 A.M. TemaTest.App cleanup
INFO: {'status':'ok','message':'Cleanup finished successfully'}
dec. 08, 2023 8:18:47 A.M. TemaTest.App cleanup
INFO: {'status':'ok','message':'Cleanup finished successfully'}
dec. 08, 2023 8:18:47 A.M. TemaTest.App cleanup
INFO: {'status':'ok','message':'Cleanup finished successfully'}
dec. 08, 2023 8:18:47 A.M. TemaTest.App cleanup
INFO: {'status':'ok','message':'Cleanup finished successfully'}
dec. 08, 2023 8:18:47 A.M. TemaTest.App cleanup
INFO: {'status':'ok','message':'Cleanup finished successfully'}
dec. 08, 2023 8:18:47 A.M. TemaTest.App cleanup
INFO: {'status':'ok','message':'Cleanup finished successfully'}
dec. 08, 2023 8:18:47 A.M. TemaTest.App cleanup
INFO: {'status':'ok','message':'Cleanup finished successfully'}
dec. 08, 2023 8:18:47 A.M. TemaTest.App cleanup
INFO: {'status':'ok','message':'Cleanup finished successfully'}
dec. 08, 2023 8:18:48 A.M. TemaTest.App cleanup
INFO: {'status':'ok','message':'Cleanup finished successfully'}
dec. 08, 2023 8:18:48 A.M. TemaTest.App cleanup
INFO: {'status':'ok','message':'Cleanup finished successfully'}
dec. 08, 2023 8:18:48 A.M. TemaTest.App cleanup
INFO: {'status':'ok','message':'Cleanup finished successfully'}
dec. 08, 2023 8:18:48 A.M. TemaTest.App cleanup
INFO: {'status':'ok','message':'Cleanup finished successfully'}
dec. 08, 2023 8:18:48 A.M. TemaTest.App cleanup
INFO: {'status':'ok','message':'Cleanup finished successfully'}
dec. 08, 2023 8:18:48 A.M. TemaTest.App cleanup
INFO: {'status':'ok','message':'Cleanup finished successfully'}
dec. 08, 2023 8:18:48 A.M. TemaTest.App cleanup
INFO: {'status':'ok','message':'Cleanup finished successfully'}
dec. 08, 2023 8:18:48 A.M. TemaTest.App cleanup
INFO: {'status':'ok','message':'Cleanup finished successfully'}
dec. 08, 2023 8:18:48 A.M. TemaTest.App cleanup
INFO: {'status':'ok','message':'Cleanup finished successfully'}
dec. 08, 2023 8:18:48 A.M. TemaTest.App cleanup
INFO: {'status':'ok','message':'Cleanup finished successfully'}
dec. 08, 2023 8:18:48 A.M. TemaTest.App cleanup
INFO: {'status':'ok','message':'Cleanup finished successfully'}
dec. 08, 2023 8:18:48 A.M. TemaTest.App cleanup
INFO: {'status':'ok','message':'Cleanup finished successfully'}
dec. 08, 2023 8:18:48 A.M. TemaTest.App cleanup
INFO: {'status':'ok','message':'Cleanup finished successfully'}
dec. 08, 2023 8:18:48 A.M. TemaTest.App cleanup
INFO: {'status':'ok','message':'Cleanup finished successfully'}
dec. 08, 2023 8:18:48 A.M. TemaTest.App cleanup
INFO: {'status':'ok','message':'Cleanup finished successfully'}
dec. 08, 2023 8:18:48 A.M. TemaTest.App cleanup
INFO: {'status':'ok','message':'Cleanup finished successfully'}
dec. 08, 2023 8:18:48 A.M. TemaTest.App cleanup
INFO: {'status':'ok','message':'Cleanup finished successfully'}
dec. 08, 2023 8:18:48 A.M. TemaTest.App cleanup
INFO: {'status':'ok','message':'Cleanup finished successfully'}
dec. 08, 2023 8:18:48 A.M. TemaTest.App cleanup
INFO: {'status':'ok','message':'Cleanup finished successfully'}
]]></system-err>
</testsuite>
